# JRE version: OpenJDK Runtime Environment (8.0_242-b01) (build 1.8.0_242-release-1644-b01)
# Java VM: OpenJDK 64-Bit Server VM (25.242-b01 mixed mode windows-amd64 compressed oops)
Heap:
 PSYoungGen      total 53248K, used 15987K [0x00000000d5580000, 0x00000000dbd80000, 0x0000000100000000)
  eden space 49152K, 24% used [0x00000000d5580000,0x00000000d6120128,0x00000000d8580000)
  from space 4096K, 99% used [0x00000000d8580000,0x00000000d897ce08,0x00000000d8980000)
  to   space 4096K, 0% used [0x00000000db980000,0x00000000db980000,0x00000000dbd80000)
 ParOldGen       total 65536K, used 2332K [0x0000000080000000, 0x0000000084000000, 0x00000000d5580000)
  object space 65536K, 3% used [0x0000000080000000,0x0000000080247248,0x0000000084000000)
 Metaspace       used 12839K, capacity 13384K, committed 13440K, reserved 1060864K
  class space    used 1740K, capacity 1896K, committed 1920K, reserved 1048576K
GC Heap History (6 events):
Event: 6.222 GC heap before
{Heap before GC invocations=1 (full 0):
 PSYoungGen      total 28672K, used 24576K [0x00000000d5580000, 0x00000000d7580000, 0x0000000100000000)
  eden space 24576K, 100% used [0x00000000d5580000,0x00000000d6d80000,0x00000000d6d80000)
  from space 4096K, 0% used [0x00000000d7180000,0x00000000d7180000,0x00000000d7580000)
  to   space 4096K, 0% used [0x00000000d6d80000,0x00000000d6d80000,0x00000000d7180000)
 ParOldGen       total 65536K, used 0K [0x0000000080000000, 0x0000000084000000, 0x00000000d5580000)
  object space 65536K, 0% used [0x0000000080000000,0x0000000080000000,0x0000000084000000)
 Metaspace       used 6930K, capacity 7236K, committed 7424K, reserved 1056768K
  class space    used 852K, capacity 944K, committed 1024K, reserved 1048576K
Event: 6.323 GC heap after
Heap after GC invocations=1 (full 0):
 PSYoungGen      total 28672K, used 3397K [0x00000000d5580000, 0x00000000d8d80000, 0x0000000100000000)
  eden space 24576K, 0% used [0x00000000d5580000,0x00000000d5580000,0x00000000d6d80000)
  from space 4096K, 82% used [0x00000000d6d80000,0x00000000d70d1718,0x00000000d7180000)
  to   space 4096K, 0% used [0x00000000d8980000,0x00000000d8980000,0x00000000d8d80000)
 ParOldGen       total 65536K, used 8K [0x0000000080000000, 0x0000000084000000, 0x00000000d5580000)
  object space 65536K, 0% used [0x0000000080000000,0x0000000080002000,0x0000000084000000)
 Metaspace       used 6930K, capacity 7236K, committed 7424K, reserved 1056768K
  class space    used 852K, capacity 944K, committed 1024K, reserved 1048576K
}
Event: 7.386 GC heap before
{Heap before GC invocations=2 (full 0):
 PSYoungGen      total 28672K, used 27973K [0x00000000d5580000, 0x00000000d8d80000, 0x0000000100000000)
  eden space 24576K, 100% used [0x00000000d5580000,0x00000000d6d80000,0x00000000d6d80000)
  from space 4096K, 82% used [0x00000000d6d80000,0x00000000d70d1718,0x00000000d7180000)
  to   space 4096K, 0% used [0x00000000d8980000,0x00000000d8980000,0x00000000d8d80000)
 ParOldGen       total 65536K, used 8K [0x0000000080000000, 0x0000000084000000, 0x00000000d5580000)
  object space 65536K, 0% used [0x0000000080000000,0x0000000080002000,0x0000000084000000)
 Metaspace       used 7611K, capacity 7914K, committed 8064K, reserved 1056768K
  class space    used 931K, capacity 1041K, committed 1152K, reserved 1048576K
Event: 7.414 GC heap after
Heap after GC invocations=2 (full 0):
 PSYoungGen      total 53248K, used 3169K [0x00000000d5580000, 0x00000000d8d80000, 0x0000000100000000)
  eden space 49152K, 0% used [0x00000000d5580000,0x00000000d5580000,0x00000000d8580000)
  from space 4096K, 77% used [0x00000000d8980000,0x00000000d8c98418,0x00000000d8d80000)
  to   space 4096K, 0% used [0x00000000d8580000,0x00000000d8580000,0x00000000d8980000)
 ParOldGen       total 65536K, used 16K [0x0000000080000000, 0x0000000084000000, 0x00000000d5580000)
  object space 65536K, 0% used [0x0000000080000000,0x0000000080004000,0x0000000084000000)
 Metaspace       used 7611K, capacity 7914K, committed 8064K, reserved 1056768K
  class space    used 931K, capacity 1041K, committed 1152K, reserved 1048576K
}
Event: 18.343 GC heap before
{Heap before GC invocations=3 (full 0):
 PSYoungGen      total 53248K, used 52321K [0x00000000d5580000, 0x00000000d8d80000, 0x0000000100000000)
  eden space 49152K, 100% used [0x00000000d5580000,0x00000000d8580000,0x00000000d8580000)
  from space 4096K, 77% used [0x00000000d8980000,0x00000000d8c98418,0x00000000d8d80000)
  to   space 4096K, 0% used [0x00000000d8580000,0x00000000d8580000,0x00000000d8980000)
 ParOldGen       total 65536K, used 16K [0x0000000080000000, 0x0000000084000000, 0x00000000d5580000)
  object space 65536K, 0% used [0x0000000080000000,0x0000000080004000,0x0000000084000000)
 Metaspace       used 11665K, capacity 12026K, committed 12160K, reserved 1060864K
  class space    used 1546K, capacity 1645K, committed 1664K, reserved 1048576K
Event: 18.932 GC heap after
Heap after GC invocations=3 (full 0):
 PSYoungGen      total 53248K, used 4083K [0x00000000d5580000, 0x00000000dbd80000, 0x0000000100000000)
  eden space 49152K, 0% used [0x00000000d5580000,0x00000000d5580000,0x00000000d8580000)
  from space 4096K, 99% used [0x00000000d8580000,0x00000000d897ce08,0x00000000d8980000)
  to   space 4096K, 0% used [0x00000000db980000,0x00000000db980000,0x00000000dbd80000)
 ParOldGen       total 65536K, used 2332K [0x0000000080000000, 0x0000000084000000, 0x00000000d5580000)
  object space 65536K, 3% used [0x0000000080000000,0x0000000080247248,0x0000000084000000)
 Metaspace       used 11665K, capacity 12026K, committed 12160K, reserved 1060864K
  class space    used 1546K, capacity 1645K, committed 1664K, reserved 1048576K
}

