# JRE version: OpenJDK Runtime Environment (8.0_242-b01) (build 1.8.0_242-release-1644-b01)
# Java VM: OpenJDK 64-Bit Server VM (25.242-b01 mixed mode windows-amd64 compressed oops)
Heap:
 PSYoungGen      total 205824K, used 49469K [0x00000000d5580000, 0x00000000e8c80000, 0x0000000100000000)
  eden space 192512K, 25% used [0x00000000d5580000,0x00000000d85cf5d8,0x00000000e1180000)
  from space 13312K, 0% used [0x00000000e1180000,0x00000000e1180000,0x00000000e1e80000)
  to   space 13312K, 0% used [0x00000000e7f80000,0x00000000e7f80000,0x00000000e8c80000)
 ParOldGen       total 70656K, used 15187K [0x0000000080000000, 0x0000000084500000, 0x00000000d5580000)
  object space 70656K, 21% used [0x0000000080000000,0x0000000080ed4fe0,0x0000000084500000)
 Metaspace       used 36417K, capacity 37918K, committed 38104K, reserved 1081344K
  class space    used 4947K, capacity 5257K, committed 5336K, reserved 1048576K
GC Heap History (10 events):
Event: 35.820 GC heap before
{Heap before GC invocations=5 (full 0):
 PSYoungGen      total 102400K, used 56093K [0x00000000d5580000, 0x00000000dbd80000, 0x0000000100000000)
  eden space 98304K, 52% used [0x00000000d5580000,0x00000000d884f670,0x00000000db580000)
  from space 4096K, 99% used [0x00000000db980000,0x00000000dbd78020,0x00000000dbd80000)
  to   space 4096K, 0% used [0x00000000db580000,0x00000000db580000,0x00000000db980000)
 ParOldGen       total 65536K, used 7331K [0x0000000080000000, 0x0000000084000000, 0x00000000d5580000)
  object space 65536K, 11% used [0x0000000080000000,0x0000000080728e68,0x0000000084000000)
 Metaspace       used 20454K, capacity 21204K, committed 21248K, reserved 1067008K
  class space    used 2847K, capacity 3032K, committed 3072K, reserved 1048576K
Event: 35.978 GC heap after
Heap after GC invocations=5 (full 0):
 PSYoungGen      total 102400K, used 4064K [0x00000000d5580000, 0x00000000e2c80000, 0x0000000100000000)
  eden space 98304K, 0% used [0x00000000d5580000,0x00000000d5580000,0x00000000db580000)
  from space 4096K, 99% used [0x00000000db580000,0x00000000db978020,0x00000000db980000)
  to   space 11776K, 0% used [0x00000000e2100000,0x00000000e2100000,0x00000000e2c80000)
 ParOldGen       total 65536K, used 12406K [0x0000000080000000, 0x0000000084000000, 0x00000000d5580000)
  object space 65536K, 18% used [0x0000000080000000,0x0000000080c1d808,0x0000000084000000)
 Metaspace       used 20454K, capacity 21204K, committed 21248K, reserved 1067008K
  class space    used 2847K, capacity 3032K, committed 3072K, reserved 1048576K
}
Event: 35.978 GC heap before
{Heap before GC invocations=6 (full 1):
 PSYoungGen      total 102400K, used 4064K [0x00000000d5580000, 0x00000000e2c80000, 0x0000000100000000)
  eden space 98304K, 0% used [0x00000000d5580000,0x00000000d5580000,0x00000000db580000)
  from space 4096K, 99% used [0x00000000db580000,0x00000000db978020,0x00000000db980000)
  to   space 11776K, 0% used [0x00000000e2100000,0x00000000e2100000,0x00000000e2c80000)
 ParOldGen       total 65536K, used 12406K [0x0000000080000000, 0x0000000084000000, 0x00000000d5580000)
  object space 65536K, 18% used [0x0000000080000000,0x0000000080c1d808,0x0000000084000000)
 Metaspace       used 20454K, capacity 21204K, committed 21248K, reserved 1067008K
  class space    used 2847K, capacity 3032K, committed 3072K, reserved 1048576K
Event: 36.229 GC heap after
Heap after GC invocations=6 (full 1):
 PSYoungGen      total 102400K, used 0K [0x00000000d5580000, 0x00000000e2c80000, 0x0000000100000000)
  eden space 98304K, 0% used [0x00000000d5580000,0x00000000d5580000,0x00000000db580000)
  from space 4096K, 0% used [0x00000000db580000,0x00000000db580000,0x00000000db980000)
  to   space 11776K, 0% used [0x00000000e2100000,0x00000000e2100000,0x00000000e2c80000)
 ParOldGen       total 49152K, used 10034K [0x0000000080000000, 0x0000000083000000, 0x00000000d5580000)
  object space 49152K, 20% used [0x0000000080000000,0x00000000809cc9d8,0x0000000083000000)
 Metaspace       used 20454K, capacity 21204K, committed 21248K, reserved 1067008K
  class space    used 2847K, capacity 3032K, committed 3072K, reserved 1048576K
}
Event: 67.202 GC heap before
{Heap before GC invocations=7 (full 1):
 PSYoungGen      total 102400K, used 98304K [0x00000000d5580000, 0x00000000e2c80000, 0x0000000100000000)
  eden space 98304K, 100% used [0x00000000d5580000,0x00000000db580000,0x00000000db580000)
  from space 4096K, 0% used [0x00000000db580000,0x00000000db580000,0x00000000db980000)
  to   space 11776K, 0% used [0x00000000e2100000,0x00000000e2100000,0x00000000e2c80000)
 ParOldGen       total 49152K, used 10034K [0x0000000080000000, 0x0000000083000000, 0x00000000d5580000)
  object space 49152K, 20% used [0x0000000080000000,0x00000000809cc9d8,0x0000000083000000)
 Metaspace       used 30971K, capacity 32036K, committed 32384K, reserved 1077248K
  class space    used 4148K, capacity 4412K, committed 4480K, reserved 1048576K
Event: 67.575 GC heap after
Heap after GC invocations=7 (full 1):
 PSYoungGen      total 176640K, used 10526K [0x00000000d5580000, 0x00000000e2b80000, 0x0000000100000000)
  eden space 165888K, 0% used [0x00000000d5580000,0x00000000d5580000,0x00000000df780000)
  from space 10752K, 97% used [0x00000000e2100000,0x00000000e2b47890,0x00000000e2b80000)
  to   space 13312K, 0% used [0x00000000e1180000,0x00000000e1180000,0x00000000e1e80000)
 ParOldGen       total 49152K, used 10042K [0x0000000080000000, 0x0000000083000000, 0x00000000d5580000)
  object space 49152K, 20% used [0x0000000080000000,0x00000000809ce9d8,0x0000000083000000)
 Metaspace       used 30971K, capacity 32036K, committed 32384K, reserved 1077248K
  class space    used 4148K, capacity 4412K, committed 4480K, reserved 1048576K
}
Event: 93.954 GC heap before
{Heap before GC invocations=8 (full 1):
 PSYoungGen      total 176640K, used 77956K [0x00000000d5580000, 0x00000000e2b80000, 0x0000000100000000)
  eden space 165888K, 40% used [0x00000000d5580000,0x00000000d9759a18,0x00000000df780000)
  from space 10752K, 97% used [0x00000000e2100000,0x00000000e2b47890,0x00000000e2b80000)
  to   space 13312K, 0% used [0x00000000e1180000,0x00000000e1180000,0x00000000e1e80000)
 ParOldGen       total 49152K, used 10042K [0x0000000080000000, 0x0000000083000000, 0x00000000d5580000)
  object space 49152K, 20% used [0x0000000080000000,0x00000000809ce9d8,0x0000000083000000)
 Metaspace       used 34014K, capacity 35346K, committed 35416K, reserved 1079296K
  class space    used 4573K, capacity 4912K, committed 4952K, reserved 1048576K
Event: 95.101 GC heap after
Heap after GC invocations=8 (full 1):
 PSYoungGen      total 205824K, used 9032K [0x00000000d5580000, 0x00000000e8c80000, 0x0000000100000000)
  eden space 192512K, 0% used [0x00000000d5580000,0x00000000d5580000,0x00000000e1180000)
  from space 13312K, 67% used [0x00000000e1180000,0x00000000e1a522c0,0x00000000e1e80000)
  to   space 13312K, 0% used [0x00000000e7f80000,0x00000000e7f80000,0x00000000e8c80000)
 ParOldGen       total 49152K, used 10050K [0x0000000080000000, 0x0000000083000000, 0x00000000d5580000)
  object space 49152K, 20% used [0x0000000080000000,0x00000000809d09d8,0x0000000083000000)
 Metaspace       used 34014K, capacity 35346K, committed 35416K, reserved 1079296K
  class space    used 4573K, capacity 4912K, committed 4952K, reserved 1048576K
}
Event: 95.101 GC heap before
{Heap before GC invocations=9 (full 2):
 PSYoungGen      total 205824K, used 9032K [0x00000000d5580000, 0x00000000e8c80000, 0x0000000100000000)
  eden space 192512K, 0% used [0x00000000d5580000,0x00000000d5580000,0x00000000e1180000)
  from space 13312K, 67% used [0x00000000e1180000,0x00000000e1a522c0,0x00000000e1e80000)
  to   space 13312K, 0% used [0x00000000e7f80000,0x00000000e7f80000,0x00000000e8c80000)
 ParOldGen       total 49152K, used 10050K [0x0000000080000000, 0x0000000083000000, 0x00000000d5580000)
  object space 49152K, 20% used [0x0000000080000000,0x00000000809d09d8,0x0000000083000000)
 Metaspace       used 34014K, capacity 35346K, committed 35416K, reserved 1079296K
  class space    used 4573K, capacity 4912K, committed 4952K, reserved 1048576K
Event: 97.274 GC heap after
Heap after GC invocations=9 (full 2):
 PSYoungGen      total 205824K, used 0K [0x00000000d5580000, 0x00000000e8c80000, 0x0000000100000000)
  eden space 192512K, 0% used [0x00000000d5580000,0x00000000d5580000,0x00000000e1180000)
  from space 13312K, 0% used [0x00000000e1180000,0x00000000e1180000,0x00000000e1e80000)
  to   space 13312K, 0% used [0x00000000e7f80000,0x00000000e7f80000,0x00000000e8c80000)
 ParOldGen       total 70656K, used 15187K [0x0000000080000000, 0x0000000084500000, 0x00000000d5580000)
  object space 70656K, 21% used [0x0000000080000000,0x0000000080ed4fe0,0x0000000084500000)
 Metaspace       used 34014K, capacity 35346K, committed 35416K, reserved 1079296K
  class space    used 4573K, capacity 4912K, committed 4952K, reserved 1048576K
}

