# JRE version: OpenJDK Runtime Environment (8.0_242-b01) (build 1.8.0_242-release-1644-b01)
# Java VM: OpenJDK 64-Bit Server VM (25.242-b01 mixed mode windows-amd64 compressed oops)
Heap:
 PSYoungGen      total 52736K, used 11331K [0x00000000d5580000, 0x00000000d8d80000, 0x0000000100000000)
  eden space 48640K, 14% used [0x00000000d5580000,0x00000000d5c94c08,0x00000000d8500000)
  from space 4096K, 99% used [0x00000000d8980000,0x00000000d8d7c030,0x00000000d8d80000)
  to   space 4096K, 0% used [0x00000000d8500000,0x00000000d8500000,0x00000000d8900000)
 ParOldGen       total 65536K, used 3849K [0x0000000080000000, 0x0000000084000000, 0x00000000d5580000)
  object space 65536K, 5% used [0x0000000080000000,0x00000000803c2400,0x0000000084000000)
 Metaspace       used 14415K, capacity 14942K, committed 15232K, reserved 1062912K
  class space    used 1978K, capacity 2135K, committed 2176K, reserved 1048576K
GC Heap History (8 events):
Event: 6.798 GC heap before
{Heap before GC invocations=1 (full 0):
 PSYoungGen      total 28672K, used 24576K [0x00000000d5580000, 0x00000000d7580000, 0x0000000100000000)
  eden space 24576K, 100% used [0x00000000d5580000,0x00000000d6d80000,0x00000000d6d80000)
  from space 4096K, 0% used [0x00000000d7180000,0x00000000d7180000,0x00000000d7580000)
  to   space 4096K, 0% used [0x00000000d6d80000,0x00000000d6d80000,0x00000000d7180000)
 ParOldGen       total 65536K, used 0K [0x0000000080000000, 0x0000000084000000, 0x00000000d5580000)
  object space 65536K, 0% used [0x0000000080000000,0x0000000080000000,0x0000000084000000)
 Metaspace       used 6934K, capacity 7236K, committed 7424K, reserved 1056768K
  class space    used 853K, capacity 944K, committed 1024K, reserved 1048576K
Event: 6.887 GC heap after
Heap after GC invocations=1 (full 0):
 PSYoungGen      total 28672K, used 3412K [0x00000000d5580000, 0x00000000d8d80000, 0x0000000100000000)
  eden space 24576K, 0% used [0x00000000d5580000,0x00000000d5580000,0x00000000d6d80000)
  from space 4096K, 83% used [0x00000000d6d80000,0x00000000d70d53b8,0x00000000d7180000)
  to   space 4096K, 0% used [0x00000000d8980000,0x00000000d8980000,0x00000000d8d80000)
 ParOldGen       total 65536K, used 8K [0x0000000080000000, 0x0000000084000000, 0x00000000d5580000)
  object space 65536K, 0% used [0x0000000080000000,0x0000000080002000,0x0000000084000000)
 Metaspace       used 6934K, capacity 7236K, committed 7424K, reserved 1056768K
  class space    used 853K, capacity 944K, committed 1024K, reserved 1048576K
}
Event: 9.954 GC heap before
{Heap before GC invocations=2 (full 0):
 PSYoungGen      total 28672K, used 27988K [0x00000000d5580000, 0x00000000d8d80000, 0x0000000100000000)
  eden space 24576K, 100% used [0x00000000d5580000,0x00000000d6d80000,0x00000000d6d80000)
  from space 4096K, 83% used [0x00000000d6d80000,0x00000000d70d53b8,0x00000000d7180000)
  to   space 4096K, 0% used [0x00000000d8980000,0x00000000d8980000,0x00000000d8d80000)
 ParOldGen       total 65536K, used 8K [0x0000000080000000, 0x0000000084000000, 0x00000000d5580000)
  object space 65536K, 0% used [0x0000000080000000,0x0000000080002000,0x0000000084000000)
 Metaspace       used 7612K, capacity 7914K, committed 8064K, reserved 1056768K
  class space    used 931K, capacity 1041K, committed 1152K, reserved 1048576K
Event: 9.974 GC heap after
Heap after GC invocations=2 (full 0):
 PSYoungGen      total 28160K, used 3143K [0x00000000d5580000, 0x00000000d8d00000, 0x0000000100000000)
  eden space 24576K, 0% used [0x00000000d5580000,0x00000000d5580000,0x00000000d6d80000)
  from space 3584K, 87% used [0x00000000d8980000,0x00000000d8c91d00,0x00000000d8d00000)
  to   space 4096K, 0% used [0x00000000d8500000,0x00000000d8500000,0x00000000d8900000)
 ParOldGen       total 65536K, used 16K [0x0000000080000000, 0x0000000084000000, 0x00000000d5580000)
  object space 65536K, 0% used [0x0000000080000000,0x0000000080004000,0x0000000084000000)
 Metaspace       used 7612K, capacity 7914K, committed 8064K, reserved 1056768K
  class space    used 931K, capacity 1041K, committed 1152K, reserved 1048576K
}
Event: 12.305 GC heap before
{Heap before GC invocations=3 (full 0):
 PSYoungGen      total 28160K, used 27719K [0x00000000d5580000, 0x00000000d8d00000, 0x0000000100000000)
  eden space 24576K, 100% used [0x00000000d5580000,0x00000000d6d80000,0x00000000d6d80000)
  from space 3584K, 87% used [0x00000000d8980000,0x00000000d8c91d00,0x00000000d8d00000)
  to   space 4096K, 0% used [0x00000000d8500000,0x00000000d8500000,0x00000000d8900000)
 ParOldGen       total 65536K, used 16K [0x0000000080000000, 0x0000000084000000, 0x00000000d5580000)
  object space 65536K, 0% used [0x0000000080000000,0x0000000080004000,0x0000000084000000)
 Metaspace       used 8018K, capacity 8386K, committed 8576K, reserved 1056768K
  class space    used 1011K, capacity 1113K, committed 1152K, reserved 1048576K
Event: 12.338 GC heap after
Heap after GC invocations=3 (full 0):
 PSYoungGen      total 52736K, used 3742K [0x00000000d5580000, 0x00000000d8d80000, 0x0000000100000000)
  eden space 48640K, 0% used [0x00000000d5580000,0x00000000d5580000,0x00000000d8500000)
  from space 4096K, 91% used [0x00000000d8500000,0x00000000d88a7810,0x00000000d8900000)
  to   space 4096K, 0% used [0x00000000d8980000,0x00000000d8980000,0x00000000d8d80000)
 ParOldGen       total 65536K, used 24K [0x0000000080000000, 0x0000000084000000, 0x00000000d5580000)
  object space 65536K, 0% used [0x0000000080000000,0x0000000080006000,0x0000000084000000)
 Metaspace       used 8018K, capacity 8386K, committed 8576K, reserved 1056768K
  class space    used 1011K, capacity 1113K, committed 1152K, reserved 1048576K
}
Event: 38.813 GC heap before
{Heap before GC invocations=4 (full 0):
 PSYoungGen      total 52736K, used 52382K [0x00000000d5580000, 0x00000000d8d80000, 0x0000000100000000)
  eden space 48640K, 100% used [0x00000000d5580000,0x00000000d8500000,0x00000000d8500000)
  from space 4096K, 91% used [0x00000000d8500000,0x00000000d88a7810,0x00000000d8900000)
  to   space 4096K, 0% used [0x00000000d8980000,0x00000000d8980000,0x00000000d8d80000)
 ParOldGen       total 65536K, used 24K [0x0000000080000000, 0x0000000084000000, 0x00000000d5580000)
  object space 65536K, 0% used [0x0000000080000000,0x0000000080006000,0x0000000084000000)
 Metaspace       used 13639K, capacity 14140K, committed 14336K, reserved 1060864K
  class space    used 1864K, capacity 1996K, committed 2048K, reserved 1048576K
Event: 38.995 GC heap after
Heap after GC invocations=4 (full 0):
 PSYoungGen      total 52736K, used 4080K [0x00000000d5580000, 0x00000000d8d80000, 0x0000000100000000)
  eden space 48640K, 0% used [0x00000000d5580000,0x00000000d5580000,0x00000000d8500000)
  from space 4096K, 99% used [0x00000000d8980000,0x00000000d8d7c030,0x00000000d8d80000)
  to   space 4096K, 0% used [0x00000000d8500000,0x00000000d8500000,0x00000000d8900000)
 ParOldGen       total 65536K, used 3849K [0x0000000080000000, 0x0000000084000000, 0x00000000d5580000)
  object space 65536K, 5% used [0x0000000080000000,0x00000000803c2400,0x0000000084000000)
 Metaspace       used 13639K, capacity 14140K, committed 14336K, reserved 1060864K
  class space    used 1864K, capacity 1996K, committed 2048K, reserved 1048576K
}

