# JRE version: OpenJDK Runtime Environment (8.0_242-b01) (build 1.8.0_242-release-1644-b01)
# Java VM: OpenJDK 64-Bit Server VM (25.242-b01 mixed mode windows-amd64 compressed oops)
Heap:
 PSYoungGen      total 205824K, used 184448K [0x00000000d5580000, 0x00000000ec600000, 0x0000000100000000)
  eden space 192512K, 95% used [0x00000000d5580000,0x00000000e09a0218,0x00000000e1180000)
  from space 13312K, 0% used [0x00000000e1180000,0x00000000e1180000,0x00000000e1e80000)
  to   space 13312K, 0% used [0x00000000eb900000,0x00000000eb900000,0x00000000ec600000)
 ParOldGen       total 54784K, used 15185K [0x0000000080000000, 0x0000000083580000, 0x00000000d5580000)
  object space 54784K, 27% used [0x0000000080000000,0x0000000080ed4728,0x0000000083580000)
 Metaspace       used 40437K, capacity 42320K, committed 42584K, reserved 1085440K
  class space    used 5515K, capacity 5873K, committed 5976K, reserved 1048576K
GC Heap History (10 events):
Event: 51.442 GC heap before
{Heap before GC invocations=5 (full 0):
 PSYoungGen      total 102400K, used 58130K [0x00000000d5580000, 0x00000000dbd80000, 0x0000000100000000)
  eden space 98304K, 54% used [0x00000000d5580000,0x00000000d8a488a8,0x00000000db580000)
  from space 4096K, 99% used [0x00000000db980000,0x00000000dbd7c010,0x00000000dbd80000)
  to   space 4096K, 0% used [0x00000000db580000,0x00000000db580000,0x00000000db980000)
 ParOldGen       total 65536K, used 7185K [0x0000000080000000, 0x0000000084000000, 0x00000000d5580000)
  object space 65536K, 10% used [0x0000000080000000,0x00000000807045e0,0x0000000084000000)
 Metaspace       used 20442K, capacity 21204K, committed 21248K, reserved 1067008K
  class space    used 2847K, capacity 3032K, committed 3072K, reserved 1048576K
Event: 51.550 GC heap after
Heap after GC invocations=5 (full 0):
 PSYoungGen      total 102400K, used 4084K [0x00000000d5580000, 0x00000000e2c80000, 0x0000000100000000)
  eden space 98304K, 0% used [0x00000000d5580000,0x00000000d5580000,0x00000000db580000)
  from space 4096K, 99% used [0x00000000db580000,0x00000000db97d040,0x00000000db980000)
  to   space 11776K, 0% used [0x00000000e2100000,0x00000000e2100000,0x00000000e2c80000)
 ParOldGen       total 65536K, used 12319K [0x0000000080000000, 0x0000000084000000, 0x00000000d5580000)
  object space 65536K, 18% used [0x0000000080000000,0x0000000080c07e20,0x0000000084000000)
 Metaspace       used 20442K, capacity 21204K, committed 21248K, reserved 1067008K
  class space    used 2847K, capacity 3032K, committed 3072K, reserved 1048576K
}
Event: 51.550 GC heap before
{Heap before GC invocations=6 (full 1):
 PSYoungGen      total 102400K, used 4084K [0x00000000d5580000, 0x00000000e2c80000, 0x0000000100000000)
  eden space 98304K, 0% used [0x00000000d5580000,0x00000000d5580000,0x00000000db580000)
  from space 4096K, 99% used [0x00000000db580000,0x00000000db97d040,0x00000000db980000)
  to   space 11776K, 0% used [0x00000000e2100000,0x00000000e2100000,0x00000000e2c80000)
 ParOldGen       total 65536K, used 12319K [0x0000000080000000, 0x0000000084000000, 0x00000000d5580000)
  object space 65536K, 18% used [0x0000000080000000,0x0000000080c07e20,0x0000000084000000)
 Metaspace       used 20442K, capacity 21204K, committed 21248K, reserved 1067008K
  class space    used 2847K, capacity 3032K, committed 3072K, reserved 1048576K
Event: 51.860 GC heap after
Heap after GC invocations=6 (full 1):
 PSYoungGen      total 102400K, used 0K [0x00000000d5580000, 0x00000000e2c80000, 0x0000000100000000)
  eden space 98304K, 0% used [0x00000000d5580000,0x00000000d5580000,0x00000000db580000)
  from space 4096K, 0% used [0x00000000db580000,0x00000000db580000,0x00000000db980000)
  to   space 11776K, 0% used [0x00000000e2100000,0x00000000e2100000,0x00000000e2c80000)
 ParOldGen       total 45568K, used 10170K [0x0000000080000000, 0x0000000082c80000, 0x00000000d5580000)
  object space 45568K, 22% used [0x0000000080000000,0x00000000809eeba8,0x0000000082c80000)
 Metaspace       used 20442K, capacity 21204K, committed 21248K, reserved 1067008K
  class space    used 2847K, capacity 3032K, committed 3072K, reserved 1048576K
}
Event: 66.962 GC heap before
{Heap before GC invocations=7 (full 1):
 PSYoungGen      total 102400K, used 98304K [0x00000000d5580000, 0x00000000e2c80000, 0x0000000100000000)
  eden space 98304K, 100% used [0x00000000d5580000,0x00000000db580000,0x00000000db580000)
  from space 4096K, 0% used [0x00000000db580000,0x00000000db580000,0x00000000db980000)
  to   space 11776K, 0% used [0x00000000e2100000,0x00000000e2100000,0x00000000e2c80000)
 ParOldGen       total 45568K, used 10170K [0x0000000080000000, 0x0000000082c80000, 0x00000000d5580000)
  object space 45568K, 22% used [0x0000000080000000,0x00000000809eeba8,0x0000000082c80000)
 Metaspace       used 31031K, capacity 32096K, committed 32384K, reserved 1077248K
  class space    used 4156K, capacity 4412K, committed 4480K, reserved 1048576K
Event: 68.546 GC heap after
Heap after GC invocations=7 (full 1):
 PSYoungGen      total 197632K, used 10627K [0x00000000d5580000, 0x00000000e2b80000, 0x0000000100000000)
  eden space 186880K, 0% used [0x00000000d5580000,0x00000000d5580000,0x00000000e0c00000)
  from space 10752K, 98% used [0x00000000e2100000,0x00000000e2b60fa8,0x00000000e2b80000)
  to   space 13312K, 0% used [0x00000000e1180000,0x00000000e1180000,0x00000000e1e80000)
 ParOldGen       total 45568K, used 10178K [0x0000000080000000, 0x0000000082c80000, 0x00000000d5580000)
  object space 45568K, 22% used [0x0000000080000000,0x00000000809f0ba8,0x0000000082c80000)
 Metaspace       used 31031K, capacity 32096K, committed 32384K, reserved 1077248K
  class space    used 4156K, capacity 4412K, committed 4480K, reserved 1048576K
}
Event: 93.618 GC heap before
{Heap before GC invocations=8 (full 1):
 PSYoungGen      total 197632K, used 75481K [0x00000000d5580000, 0x00000000e2b80000, 0x0000000100000000)
  eden space 186880K, 34% used [0x00000000d5580000,0x00000000d94d5540,0x00000000e0c00000)
  from space 10752K, 98% used [0x00000000e2100000,0x00000000e2b60fa8,0x00000000e2b80000)
  to   space 13312K, 0% used [0x00000000e1180000,0x00000000e1180000,0x00000000e1e80000)
 ParOldGen       total 45568K, used 10178K [0x0000000080000000, 0x0000000082c80000, 0x00000000d5580000)
  object space 45568K, 22% used [0x0000000080000000,0x00000000809f0ba8,0x0000000082c80000)
 Metaspace       used 33989K, capacity 35314K, committed 35416K, reserved 1079296K
  class space    used 4572K, capacity 4880K, committed 4952K, reserved 1048576K
Event: 93.780 GC heap after
Heap after GC invocations=8 (full 1):
 PSYoungGen      total 205824K, used 8888K [0x00000000d5580000, 0x00000000ec600000, 0x0000000100000000)
  eden space 192512K, 0% used [0x00000000d5580000,0x00000000d5580000,0x00000000e1180000)
  from space 13312K, 66% used [0x00000000e1180000,0x00000000e1a2e1d8,0x00000000e1e80000)
  to   space 13312K, 0% used [0x00000000eb900000,0x00000000eb900000,0x00000000ec600000)
 ParOldGen       total 45568K, used 10186K [0x0000000080000000, 0x0000000082c80000, 0x00000000d5580000)
  object space 45568K, 22% used [0x0000000080000000,0x00000000809f2ba8,0x0000000082c80000)
 Metaspace       used 33989K, capacity 35314K, committed 35416K, reserved 1079296K
  class space    used 4572K, capacity 4880K, committed 4952K, reserved 1048576K
}
Event: 93.780 GC heap before
{Heap before GC invocations=9 (full 2):
 PSYoungGen      total 205824K, used 8888K [0x00000000d5580000, 0x00000000ec600000, 0x0000000100000000)
  eden space 192512K, 0% used [0x00000000d5580000,0x00000000d5580000,0x00000000e1180000)
  from space 13312K, 66% used [0x00000000e1180000,0x00000000e1a2e1d8,0x00000000e1e80000)
  to   space 13312K, 0% used [0x00000000eb900000,0x00000000eb900000,0x00000000ec600000)
 ParOldGen       total 45568K, used 10186K [0x0000000080000000, 0x0000000082c80000, 0x00000000d5580000)
  object space 45568K, 22% used [0x0000000080000000,0x00000000809f2ba8,0x0000000082c80000)
 Metaspace       used 33989K, capacity 35314K, committed 35416K, reserved 1079296K
  class space    used 4572K, capacity 4880K, committed 4952K, reserved 1048576K
Event: 94.192 GC heap after
Heap after GC invocations=9 (full 2):
 PSYoungGen      total 205824K, used 0K [0x00000000d5580000, 0x00000000ec600000, 0x0000000100000000)
  eden space 192512K, 0% used [0x00000000d5580000,0x00000000d5580000,0x00000000e1180000)
  from space 13312K, 0% used [0x00000000e1180000,0x00000000e1180000,0x00000000e1e80000)
  to   space 13312K, 0% used [0x00000000eb900000,0x00000000eb900000,0x00000000ec600000)
 ParOldGen       total 54784K, used 15185K [0x0000000080000000, 0x0000000083580000, 0x00000000d5580000)
  object space 54784K, 27% used [0x0000000080000000,0x0000000080ed4728,0x0000000083580000)
 Metaspace       used 33989K, capacity 35314K, committed 35416K, reserved 1079296K
  class space    used 4572K, capacity 4880K, committed 4952K, reserved 1048576K
}

