# JRE version: OpenJDK Runtime Environment (8.0_242-b01) (build 1.8.0_242-release-1644-b01)
# Java VM: OpenJDK 64-Bit Server VM (25.242-b01 mixed mode windows-amd64 compressed oops)
Heap:
 PSYoungGen      total 166912K, used 32047K [0x00000000d5580000, 0x00000000e2180000, 0x0000000100000000)
  eden space 157696K, 20% used [0x00000000d5580000,0x00000000d74cbf68,0x00000000def80000)
  from space 9216K, 0% used [0x00000000e1180000,0x00000000e1180000,0x00000000e1a80000)
  to   space 7168K, 0% used [0x00000000e1a80000,0x00000000e1a80000,0x00000000e2180000)
 ParOldGen       total 93184K, used 15297K [0x0000000080000000, 0x0000000085b00000, 0x00000000d5580000)
  object space 93184K, 16% used [0x0000000080000000,0x0000000080ef04b0,0x0000000085b00000)
 Metaspace       used 35604K, capacity 36964K, committed 37208K, reserved 1081344K
  class space    used 4811K, capacity 5124K, committed 5208K, reserved 1048576K
GC Heap History (10 events):
Event: 22.298 GC heap before
{Heap before GC invocations=5 (full 0):
 PSYoungGen      total 102400K, used 57147K [0x00000000d5580000, 0x00000000dbd80000, 0x0000000100000000)
  eden space 98304K, 53% used [0x00000000d5580000,0x00000000d8952e28,0x00000000db580000)
  from space 4096K, 99% used [0x00000000db980000,0x00000000dbd7c030,0x00000000dbd80000)
  to   space 4096K, 0% used [0x00000000db580000,0x00000000db580000,0x00000000db980000)
 ParOldGen       total 65536K, used 7152K [0x0000000080000000, 0x0000000084000000, 0x00000000d5580000)
  object space 65536K, 10% used [0x0000000080000000,0x00000000806fc010,0x0000000084000000)
 Metaspace       used 20434K, capacity 21204K, committed 21248K, reserved 1067008K
  class space    used 2842K, capacity 3032K, committed 3072K, reserved 1048576K
Event: 22.456 GC heap after
Heap after GC invocations=5 (full 0):
 PSYoungGen      total 102400K, used 4064K [0x00000000d5580000, 0x00000000e2c80000, 0x0000000100000000)
  eden space 98304K, 0% used [0x00000000d5580000,0x00000000d5580000,0x00000000db580000)
  from space 4096K, 99% used [0x00000000db580000,0x00000000db978030,0x00000000db980000)
  to   space 11776K, 0% used [0x00000000e2100000,0x00000000e2100000,0x00000000e2c80000)
 ParOldGen       total 65536K, used 12292K [0x0000000080000000, 0x0000000084000000, 0x00000000d5580000)
  object space 65536K, 18% used [0x0000000080000000,0x0000000080c01130,0x0000000084000000)
 Metaspace       used 20434K, capacity 21204K, committed 21248K, reserved 1067008K
  class space    used 2842K, capacity 3032K, committed 3072K, reserved 1048576K
}
Event: 22.456 GC heap before
{Heap before GC invocations=6 (full 1):
 PSYoungGen      total 102400K, used 4064K [0x00000000d5580000, 0x00000000e2c80000, 0x0000000100000000)
  eden space 98304K, 0% used [0x00000000d5580000,0x00000000d5580000,0x00000000db580000)
  from space 4096K, 99% used [0x00000000db580000,0x00000000db978030,0x00000000db980000)
  to   space 11776K, 0% used [0x00000000e2100000,0x00000000e2100000,0x00000000e2c80000)
 ParOldGen       total 65536K, used 12292K [0x0000000080000000, 0x0000000084000000, 0x00000000d5580000)
  object space 65536K, 18% used [0x0000000080000000,0x0000000080c01130,0x0000000084000000)
 Metaspace       used 20434K, capacity 21204K, committed 21248K, reserved 1067008K
  class space    used 2842K, capacity 3032K, committed 3072K, reserved 1048576K
Event: 24.161 GC heap after
Heap after GC invocations=6 (full 1):
 PSYoungGen      total 102400K, used 0K [0x00000000d5580000, 0x00000000e2c80000, 0x0000000100000000)
  eden space 98304K, 0% used [0x00000000d5580000,0x00000000d5580000,0x00000000db580000)
  from space 4096K, 0% used [0x00000000db580000,0x00000000db580000,0x00000000db980000)
  to   space 11776K, 0% used [0x00000000e2100000,0x00000000e2100000,0x00000000e2c80000)
 ParOldGen       total 59392K, used 10068K [0x0000000080000000, 0x0000000083a00000, 0x00000000d5580000)
  object space 59392K, 16% used [0x0000000080000000,0x00000000809d5070,0x0000000083a00000)
 Metaspace       used 20434K, capacity 21204K, committed 21248K, reserved 1067008K
  class space    used 2842K, capacity 3032K, committed 3072K, reserved 1048576K
}
Event: 45.432 GC heap before
{Heap before GC invocations=7 (full 1):
 PSYoungGen      total 102400K, used 98304K [0x00000000d5580000, 0x00000000e2c80000, 0x0000000100000000)
  eden space 98304K, 100% used [0x00000000d5580000,0x00000000db580000,0x00000000db580000)
  from space 4096K, 0% used [0x00000000db580000,0x00000000db580000,0x00000000db980000)
  to   space 11776K, 0% used [0x00000000e2100000,0x00000000e2100000,0x00000000e2c80000)
 ParOldGen       total 59392K, used 10068K [0x0000000080000000, 0x0000000083a00000, 0x00000000d5580000)
  object space 59392K, 16% used [0x0000000080000000,0x00000000809d5070,0x0000000083a00000)
 Metaspace       used 30586K, capacity 31716K, committed 31872K, reserved 1077248K
  class space    used 4138K, capacity 4412K, committed 4480K, reserved 1048576K
Event: 46.139 GC heap after
Heap after GC invocations=7 (full 1):
 PSYoungGen      total 137728K, used 10687K [0x00000000d5580000, 0x00000000e2b80000, 0x0000000100000000)
  eden space 126976K, 0% used [0x00000000d5580000,0x00000000d5580000,0x00000000dd180000)
  from space 10752K, 99% used [0x00000000e2100000,0x00000000e2b6fcf8,0x00000000e2b80000)
  to   space 13312K, 0% used [0x00000000e1180000,0x00000000e1180000,0x00000000e1e80000)
 ParOldGen       total 59392K, used 10076K [0x0000000080000000, 0x0000000083a00000, 0x00000000d5580000)
  object space 59392K, 16% used [0x0000000080000000,0x00000000809d7070,0x0000000083a00000)
 Metaspace       used 30586K, capacity 31716K, committed 31872K, reserved 1077248K
  class space    used 4138K, capacity 4412K, committed 4480K, reserved 1048576K
}
Event: 114.485 GC heap before
{Heap before GC invocations=8 (full 1):
 PSYoungGen      total 137728K, used 81417K [0x00000000d5580000, 0x00000000e2b80000, 0x0000000100000000)
  eden space 126976K, 55% used [0x00000000d5580000,0x00000000d9a92960,0x00000000dd180000)
  from space 10752K, 99% used [0x00000000e2100000,0x00000000e2b6fcf8,0x00000000e2b80000)
  to   space 13312K, 0% used [0x00000000e1180000,0x00000000e1180000,0x00000000e1e80000)
 ParOldGen       total 59392K, used 10076K [0x0000000080000000, 0x0000000083a00000, 0x00000000d5580000)
  object space 59392K, 16% used [0x0000000080000000,0x00000000809d7070,0x0000000083a00000)
 Metaspace       used 34007K, capacity 35346K, committed 35416K, reserved 1079296K
  class space    used 4572K, capacity 4912K, committed 4952K, reserved 1048576K
Event: 114.784 GC heap after
Heap after GC invocations=8 (full 1):
 PSYoungGen      total 166912K, used 9149K [0x00000000d5580000, 0x00000000e2180000, 0x0000000100000000)
  eden space 157696K, 0% used [0x00000000d5580000,0x00000000d5580000,0x00000000def80000)
  from space 9216K, 99% used [0x00000000e1180000,0x00000000e1a6f6b8,0x00000000e1a80000)
  to   space 7168K, 0% used [0x00000000e1a80000,0x00000000e1a80000,0x00000000e2180000)
 ParOldGen       total 59392K, used 10084K [0x0000000080000000, 0x0000000083a00000, 0x00000000d5580000)
  object space 59392K, 16% used [0x0000000080000000,0x00000000809d9070,0x0000000083a00000)
 Metaspace       used 34007K, capacity 35346K, committed 35416K, reserved 1079296K
  class space    used 4572K, capacity 4912K, committed 4952K, reserved 1048576K
}
Event: 114.784 GC heap before
{Heap before GC invocations=9 (full 2):
 PSYoungGen      total 166912K, used 9149K [0x00000000d5580000, 0x00000000e2180000, 0x0000000100000000)
  eden space 157696K, 0% used [0x00000000d5580000,0x00000000d5580000,0x00000000def80000)
  from space 9216K, 99% used [0x00000000e1180000,0x00000000e1a6f6b8,0x00000000e1a80000)
  to   space 7168K, 0% used [0x00000000e1a80000,0x00000000e1a80000,0x00000000e2180000)
 ParOldGen       total 59392K, used 10084K [0x0000000080000000, 0x0000000083a00000, 0x00000000d5580000)
  object space 59392K, 16% used [0x0000000080000000,0x00000000809d9070,0x0000000083a00000)
 Metaspace       used 34007K, capacity 35346K, committed 35416K, reserved 1079296K
  class space    used 4572K, capacity 4912K, committed 4952K, reserved 1048576K
Event: 116.685 GC heap after
Heap after GC invocations=9 (full 2):
 PSYoungGen      total 166912K, used 0K [0x00000000d5580000, 0x00000000e2180000, 0x0000000100000000)
  eden space 157696K, 0% used [0x00000000d5580000,0x00000000d5580000,0x00000000def80000)
  from space 9216K, 0% used [0x00000000e1180000,0x00000000e1180000,0x00000000e1a80000)
  to   space 7168K, 0% used [0x00000000e1a80000,0x00000000e1a80000,0x00000000e2180000)
 ParOldGen       total 93184K, used 15297K [0x0000000080000000, 0x0000000085b00000, 0x00000000d5580000)
  object space 93184K, 16% used [0x0000000080000000,0x0000000080ef04b0,0x0000000085b00000)
 Metaspace       used 34007K, capacity 35346K, committed 35416K, reserved 1079296K
  class space    used 4572K, capacity 4912K, committed 4952K, reserved 1048576K
}

